[hive] This stderr log is managed by Hive.
[hive] job_id: 42ddd9de
[hive] host: della-i23g2
[hive] node_id: 15de28e430fdfefec1cf450779174d090cfab032ad379f275f217106
[hive] user: nexus/tl0463 (remote)
[hive] resource: ailab-1
[hive] gpus: 1
[hive] cpus: 1
[hive] workdir: /home/tl0463
[hive] timeout_sec: 3600
[hive] started_at: 2026-04-12 21:15:17 EDT
[hive] command: apptainer exec --nv --containall --cleanenv --env HF_HOME=/home/user/shared/hf_cache --env TRANSFORMERS_CACHE=/home/user/shared/hf_cache --env HF_DATASETS_CACHE=/home/user/shared/hf_cache/datasets --env TORCH_HOME=/home/user/shared/hf_cache/torch --bind /home/tl0463/scratch/AgentWorkspaces/workspaces/2510.09647:/home/user --overlay /home/tl0463/scratch/AgentWorkspaces/workspaces/2510.09647/environment/overlay.img:ro --bind /home/tl0463/scratch/AgentWorkspaces/shared/datasets:/home/user/shared/datasets:ro --bind /home/tl0463/scratch/AgentWorkspaces/shared/models:/home/user/shared/models:ro --bind /home/tl0463/scratch/AgentWorkspaces/shared/hf_cache:/home/user/shared/hf_cache /home/tl0463/scratch/AgentWorkspaces/workspaces/2510.09647/environment/container.sif bash -c 'cd /home/user && bash /home/user/scripts/run.sh'
Traceback (most recent call last):
  File "/home/user/method/train.py", line 291, in <module>
    main()
  File "/home/user/method/train.py", line 169, in main
    trainset = torchvision.datasets.CIFAR10(
  File "/usr/local/lib/python3.10/dist-packages/torchvision/datasets/cifar.py", line 69, in __init__
    raise RuntimeError("Dataset not found or corrupted. You can use download=True to download it")
RuntimeError: Dataset not found or corrupted. You can use download=True to download it
