[hive] This stderr log is managed by Hive.
[hive] job_id: 368b8b69
[hive] host: della-i24g1
[hive] node_id: 1120b354e4d58b1c165f512957182696b254c036717e4a14c90d8622
[hive] user: nexus/tl0463 (remote)
[hive] resource: ailab
[hive] gpus: 1
[hive] cpus: 1
[hive] workdir: /home/tl0463
[hive] timeout_sec: 3600
[hive] started_at: 2026-04-13 07:53:10 EDT
[hive] command: apptainer exec --nv --containall --cleanenv --env HF_HOME=/home/user/shared/hf_cache --env TRANSFORMERS_CACHE=/home/user/shared/hf_cache --env HF_DATASETS_CACHE=/home/user/shared/hf_cache/datasets --env TORCH_HOME=/home/user/shared/hf_cache/torch --bind /home/tl0463/scratch/AgentWorkspaces/workspaces/2510.09647:/home/user --overlay /home/tl0463/scratch/AgentWorkspaces/workspaces/2510.09647/environment/overlay.img:ro --bind /home/tl0463/scratch/AgentWorkspaces/shared/datasets:/home/user/shared/datasets:ro --bind /home/tl0463/scratch/AgentWorkspaces/shared/models:/home/user/shared/models:ro --bind /home/tl0463/scratch/AgentWorkspaces/shared/hf_cache:/home/user/shared/hf_cache /home/tl0463/scratch/AgentWorkspaces/workspaces/2510.09647/environment/container.sif bash -c 'cd /home/user && bash /home/user/scripts/run.sh'
Traceback (most recent call last):
  File "/home/user/method/train.py", line 292, in <module>
    main()
  File "/home/user/method/train.py", line 209, in main
    model_std = quantize_model_standard(model, n_bits=args.n_bits, device=device)
  File "/home/user/method/qura.py", line 67, in quantize_model_standard
    model.load_state_dict(sd)
  File "/usr/local/lib/python3.10/dist-packages/torch/nn/modules/module.py", line 2639, in load_state_dict
    raise RuntimeError(
RuntimeError: Error(s) in loading state_dict for ResNet:
	Unexpected key(s) in state_dict: "conv1", "fc", "layer1.0.conv1", "layer1.0.conv2", "layer1.1.conv1", "layer1.1.conv2", "layer2.0.conv1", "layer2.0.conv2", "layer2.0.downsample.0", "layer2.1.conv1", "layer2.1.conv2", "layer3.0.conv1", "layer3.0.conv2", "layer3.0.downsample.0", "layer3.1.conv1", "layer3.1.conv2", "layer4.0.conv1", "layer4.0.conv2", "layer4.0.downsample.0", "layer4.1.conv1", "layer4.1.conv2". 
